2163 100%
7935 100%
9272 100%
6568 100%
3032 100%
3174 100%
8306 100%
4102 100%
1054 100%
5971 100%
2407 100%
4001 100%
7494 100%
9249 100%
3986 100%
6027 100%
8244 100%
2514 100%
2185 100%
9124 100%
6576 100%
4287 100%
7365 100%
5879 100%
6081 100%
2308 100%
3253 100%
3191 100%
2732 100%
8128 100%
5984 100%
4934 100%
6096 100%
6099 100%
2066 100%
6721 100%
6731 100%
7058 100%
4366 100%
6237 100%
1468 100%
8592 100%
2221 100%
5805 100%
5960 100%
6473 100%
6244 100%
9312 100%
8522 100%
2932 100%
2036 100%
3352 100%
3810 100%
1651 100%
5925 100%
9034 100%
5631 100%
616 100%
3934 100%
8735 100%
9486 100%
8590 100%
1523 100%
7487 100%
1012 100%
3885 100%
2904 100%
2259 100%
7440 100%
7649 100%
6273 100%
8701 100%
7336 100%
2859 100%
4561 100%
2888 100%
660 100%
501 100%
3092 100%
5816 100%
8689 100%
3763 100%
2170 100%
4031 100%
5901 100%
8752 100%
8353 100%
1180 100%
9341 100%
4641 100%
365 100%
6290 100%
7559 100%
272 100%
5730 100%
165 100%
471 100%
667 100%
4905 100%
1050 100%
3566 100%
1244 100%
483 100%
5920 100%
3409 100%
9287 100%
4350 100%
5104 100%
595 100%
8052 100%
6445 100%
4924 100%
5952 100%
8852 100%
3977 100%
9408 100%
6705 100%
4954 100%
6123 100%
454 100%
1405 100%
4565 100%
6847 100%
6831 100%
8957 100%
6225 100%
4437 100%
6461 100%
7184 100%
759 100%
5964 100%
3447 100%
6438 100%
2130 100%
2002 100%
1934 100%
3489 100%
5720 100%
3233 100%
181 100%
8791 100%
1248 100%
1605 100%
123 100%
3883 100%
6288 100%
7550 100%
9323 100%
786 100%
6069 100%
9378 100%
1906 100%
5109 100%
6489 100%
5617 100%
1991 100%
8644 100%
1264 100%
1911 100%
3784 100%
5086 100%
2362 100%
7758 100%
8881 100%
563 100%
4440 100%
3563 100%
939 100%
7150 100%
3299 100%
389 100%
6059 100%
8162 100%
8403 100%
1462 100%
662 100%
2084 100%
4923 100%
4245 100%
1179 100%
2738 100%
3663 100%
6959 100%
9387 100%
1948 100%
1291 100%
1116 100%
3562 100%
9137 100%
5829 100%
6794 100%
1404 100%
6440 100%
5836 100%
9263 100%
4600 100%
7983 100%
5598 100%
8631 100%
8607 100%
9020 100%
7123 100%
4400 100%
7032 100%
7047 100%
3166 100%
2702 100%
761 100%
4103 100%
8015 100%
2729 100%
6143 100%
882 100%
5681 100%
1486 100%
3173 100%
6593 100%
7831 100%
1480 100%
8092 100%
5075 100%
5304 100%
6413 100%
5315 100%
5510 100%
7288 100%
4285 100%
7051 100%
3351 100%
196 100%
1820 100%
6976 100%
7671 100%
4695 100%
2110 100%
6770 100%
3247 100%
5192 100%
5690 100%
6207 100%
6891 100%
9493 100%
6304 100%
208 100%
9008 100%
3327 100%
2194 100%
8738 100%
6829 100%
8861 100%
4570 100%
627 100%
6575 100%
3832 100%
7080 100%
1557 100%
4075 100%
5215 100%
7201 100%
2858 100%
5005 100%
996 100%
6760 100%
3394 100%
5200 100%
1335 100%
8685 100%
4589 100%
4375 100%
6718 100%
276 100%
6543 100%
5845 100%
8860 100%
1276 100%
8979 100%
4919 100%
9043 100%
5155 100%
1143 100%
524 100%
2120 100%
850 100%
2476 100%
7275 100%
4343 100%
3918 100%
4283 100%
899 100%
1019 100%
927 100%
583 100%
5018 100%
6607 100%
1325 100%
4938 100%
5473 100%
5066 100%
3946 100%
9300 100%
566 100%
8108 100%
3838 100%
1659 100%
1448 100%
7242 100%
5240 100%
2987 100%
536 100%
547 100%
4757 100%
5534 100%
1083 100%
1362 100%
8359 100%
7605 100%
1812 100%
4372 100%
5260 100%
6491 100%
7339 100%
4993 100%
6675 100%
6131 100%
2312 100%
8965 100%
3383 100%
5357 100%
5856 100%
6335 100%
5535 100%
2939 100%
407 100%
2385 100%
3893 100%
9470 100%
8120 100%
3207 100%
9453 100%
6356 100%
1240 100%
954 100%
977 100%
2501 100%
3125 100%
9480 100%
5689 100%
8255 100%
9423 100%
8825 100%
6625 100%
8819 100%
4037 100%
1073 100%
5350 100%
9047 100%
7626 100%
5441 100%
5855 100%
1965 100%
5791 100%
6772 100%
2753 100%
5325 100%
5074 100%
8843 100%
5344 100%
6920 100%
8126 100%
6962 100%
2183 100%
4396 100%
2831 100%
8000 100%
1817 100%
376 100%
1117 100%
7306 100%
7984 100%
2409 100%
3542 100%
607 100%
5613 100%
29 100%
4830 100%
9278 100%
146 100%
6963 100%
7355 100%
3379 100%
167 100%
4113 100%
3743 100%
8880 100%
453 100%
600 100%
1317 100%
8443 100%
4273 100%
1510 100%
84 100%
5010 100%
7503 100%
6312 100%
341 100%
1864 100%
729 100%
428 100%
2255 100%
1909 100%
1894 100%
2730 100%
1319 100%
6451 100%
7094 100%
4167 100%
3139 100%
258 100%
5918 100%
1589 100%
491 100%
1752 100%
256 100%
909 100%
1776 100%
8740 100%
4254 100%
1938 100%
4820 100%
5540 100%
3020 100%
7783 100%
1939 100%
6582 100%
5742 100%
6430 100%
474 100%
822 100%
3953 100%
3479 100%
3221 100%
2623 100%
2453 100%
557 100%
2745 100%
4818 100%
1648 100%
2324 100%
7436 100%
5475 100%
6460 100%
756 100%
4939 100%
1402 100%
874 100%
5217 100%
7973 100%
9172 100%
7541 100%
5826 100%
6382 100%
2516 100%
2092 100%
5105 100%
6502 100%
8888 100%
1095 100%
2892 100%
8766 100%
4470 100%
7909 100%
6819 100%
798 100%
2469 100%
1251 100%
4174 100%
4251 100%
7552 100%
6859 100%
127 100%
6565 100%
6630 100%
7009 100%
5914 100%
4986 100%
8964 100%
997 100%
3156 100%
6946 100%
4401 100%
7260 100%
6008 100%
3897 100%
3395 100%
7674 100%
9558 100%
3573 100%
5453 100%
8247 100%
3074 100%
5874 100%
1215 100%
4132 100%
9495 100%
5544 100%
4655 100%
4322 100%
6957 100%
1286 100%
5761 100%
9358 100%
3201 100%
5063 100%
4451 100%
4295 100%
1865 100%
4168 100%
5527 100%
613 100%
4137 100%
5083 100%
8009 100%
2157 100%
5862 100%
3433 100%
9032 100%
549 100%
2144 100%
8349 100%
2289 100%
7987 100%
6373 100%
8669 100%
3866 100%
4925 100%
2205 100%
5512 100%
8488 100%
5852 100%
5546 100%
8402 100%
8406 100%
4041 100%
5305 100%
1959 100%
6183 100%
8115 100%
6121 100%
962 100%
1990 100%
1475 100%
7411 100%
8805 100%
7025 100%
1674 100%
4282 100%
3289 100%
8566 100%
1171 100%
1210 100%
8809 100%
5658 100%
7418 100%
8690 100%
3921 100%
4264 100%
8987 100%
3771 100%
8955 100%
8270 100%
5646 100%
1693 100%
1848 100%
7553 100%
205 100%
1922 100%
9153 100%
617 100%
8565 100%
5059 100%
1192 100%
8087 100%
9187 100%
3845 100%
674 100%
2411 100%
2306 100%
4918 100%
6409 100%
3985 100%
8927 100%
2843 100%
8100 100%
7457 100%
3086 100%
4890 100%
4803 100%
7931 100%
6912 100%
1020 100%
706 100%
2860 100%
213 100%
6014 100%
58 100%
4325 100%
9489 100%
4 100%
9217 100%
6036 100%
6713 100%
1722 100%
504 100%
7728 100%
626 100%
3439 100%
8003 100%
1139 100%
6320 100%
8286 100%
1768 100%
9555 100%
8916 100%
1158 100%
3516 100%
6292 100%
1267 100%
2162 100%
7491 100%
6256 100%
5078 100%
5933 100%
1985 100%
8111 100%
8006 100%
6940 100%
1737 100%
1203 100%
6120 100%
4622 100%
7435 100%
6380 100%
189 100%
166 100%
1382 100%
7506 100%
7545 100%
1810 100%
9081 100%
4347 100%
5511 100%
4331 100%
1577 100%
685 100%
8186 100%
6984 100%
942 100%
6043 100%
6275 100%
2423 100%
5506 100%
4277 100%
2734 100%
7456 100%
7033 100%
8542 100%
6486 100%
448 100%
9164 100%
9487 100%
6720 100%
7701 100%
2794 100%
1485 100%
7089 100%
5337 100%
5698 100%
2191 100%
944 100%
5239 100%
838 100%
4310 100%
9522 100%
5565 100%
3660 100%
390 100%
7393 100%
4733 100%
6470 100%
3265 100%
5906 100%
9220 100%
8595 100%
4767 100%
368 100%
6993 100%
9140 100%
8769 100%
5485 100%
6745 100%
2851 100%
512 100%
7035 100%
2187 100%
703 100%
6346 100%
6816 100%
8441 100%
5934 100%
4849 100%
1635 100%
5794 100%
9416 100%
6611 100%
6901 100%
891 100%
6603 100%
5335 100%
247 100%
6509 100%
1869 100%
579 100%
8240 100%
2907 100%
9521 100%
11 100%
4426 100%
3593 100%
2347 100%
4656 100%
4197 100%
9280 100%
9267 100%
226 100%
2360 100%
5638 100%
354 100%
6924 100%
1945 100%
4908 100%
8939 100%
4349 100%
5464 100%
4540 100%
6484 100%
596 100%
8675 100%
7495 100%
4845 100%
3682 100%
9041 100%
3102 100%
4709 100%
124 100%
6161 100%
7920 100%
7516 100%
6073 100%
4381 100%
1892 100%
5588 100%
9513 100%
5813 100%
4388 100%
7295 100%
6613 100%
7490 100%
4065 100%
2179 100%
888 100%
1675 100%
6774 100%
4383 100%
1165 100%
4806 100%
5880 100%
2628 100%
8767 100%
2672 100%
2620 100%
5209 100%
967 100%
5758 100%
7257 100%
4267 100%
7110 100%
6379 100%
311 100%
4513 100%
6762 100%
1229 100%
1068 100%
3502 100%
7788 100%
3984 100%
8139 100%
7952 100%
7510 100%
1344 100%
3311 100%
4594 100%
680 100%
6444 100%
3861 100%
622 100%
1540 100%
6672 100%
6126 100%
4172 100%
2669 100%
2788 100%
1952 100%
5117 100%
2208 100%
4750 100%
6006 100%
1995 100%
5031 100%
3691 100%
6889 100%
5553 100%
3545 100%
3090 100%
6246 100%
9292 100%
5202 100%
610 100%
2342 100%
1602 100%
440 100%
9532 100%
8792 100%
1631 100%
6936 100%
6222 100%
1156 100%
1421 100%
3292 100%
4678 100%
5995 100%
8541 100%
1650 100%
4990 100%
6541 100%
2825 100%
5652 100%
194 100%
3786 100%
8256 100%
3336 100%
2552 100%
1662 100%
7948 100%
740 100%
2528 100%
435 100%
8992 100%
1729 100%
7332 100%
4256 100%
584 100%
9563 100%
9331 100%
449 100%
3988 100%
1281 100%
9044 100%
8363 100%
2896 100%
1226 100%
2316 100%
2323 100%
5682 100%
61 100%
8946 100%
2444 100%
1885 100%
5092 100%
7057 100%
7654 100%
6053 100%
3717 100%
8071 100%
3229 100%
8475 100%
7396 100%
5151 100%
6159 100%
3157 100%
7039 100%
5659 100%
8201 100%
1056 100%
1825 100%
6051 100%
9565 100%
4204 100%
1222 100%
3555 100%
6122 100%
9451 100%
8902 100%
2211 100%
5356 100%
3135 100%
7913 100%
8079 100%
9277 100%
1789 100%
5041 100%
5437 100%
5195 100%
4528 100%
5859 100%
722 100%
3387 100%
8806 100%
7415 100%
4129 100%
5411 100%
6359 100%
216 100%
7374 100%
4927 100%
8233 100%
7642 100%
6137 100%
6965 100%
4691 100%
8802 100%
8171 100%
3889 100%
9547 100%
249 100%
4219 100%
1663 100%
2 100%
309 100%
2061 100%
686 100%
926 100%
360 100%
125 100%
5136 100%
2681 100%
1298 100%
4410 100%
3650 100%
7073 100%
8596 100%
268 100%
8733 100%
6997 100%
4780 100%
3910 100%
1374 100%
8966 100%
2023 100%
282 100%
1254 100%
3846 100%
7442 100%
359 100%
2098 100%
608 100%
5160 100%
3875 100%
8906 100%
5975 100%
3707 100%
1880 100%
6788 100%
444 100%
7849 100%
8700 100%
2850 100%
5743 100%
2054 100%
2687 100%
7091 100%
812 100%
9457 100%
594 100%
3255 100%
8310 100%
1200 100%
3364 100%
4138 100%
7933 100%
5950 100%
1697 100%
4133 100%
8072 100%
2076 100%
9195 100%
7833 100%
2003 100%
4500 100%
2579 100%
8304 100%
3474 100%
6151 100%
5383 100%
1700 100%
8446 100%
3325 100%
8390 100%
9119 100%
519 100%
2386 100%
7351 100%
8844 100%
7547 100%
8002 100%
4122 100%
3204 100%
3960 100%
4649 100%
2774 100%
2314 100%
8432 100%
2152 100%
1101 100%
8163 100%
8672 100%
1653 100%
8798 100%
862 100%
2455 100%
3149 100%
1455 100%
187 100%
6283 100%
1228 100%
4606 100%
914 100%
8237 100%
1718 100%
1937 100%
3172 100%
5515 100%
9342 100%
6493 100%
5872 100%
3413 100%
7660 100%
9500 100%
1967 100%
3514 100%
1791 100%
6932 100%
1311 100%
3182 100%
8017 100%
2653 100%
1555 100%
94 100%
3390 100%
757 100%
8161 100%
5268 100%
9553 100%
3034 100%
5969 100%
4309 100%
843 100%
2639 100%
8088 100%
3143 100%
1859 100%
8370 100%
714 100%
1905 100%
2313 100%
3000 100%
2100 100%
5430 100%
6799 100%
42 100%
3283 100%
9060 100%
3271 100%
6456 100%
4199 100%
1735 100%
5440 100%
7489 100%
6314 100%
7359 100%
3161 100%
1544 100%
8 100%
4139 100%
1191 100%
9283 100%
4506 100%
775 100%
8355 100%
2874 100%
9531 100%
2789 100%
928 100%
8119 100%
4456 100%
8077 100%
4605 100%
3225 100%
5785 100%
1176 100%
7661 100%
2413 100%
1535 100%
5138 100%
7916 100%
4034 100%
5114 100%
1741 100%
1034 100%
7469 100%
6064 100%
4126 100%
5469 100%
4931 100%
3584 100%
7921 100%
6652 100%
3577 100%
1551 100%
9052 100%
3120 100%
1819 100%
5194 100%
3621 100%
2650 100%
1439 100%
8482 100%
3913 100%
8042 100%
4224 100%
9434 100%
3277 100%
6750 100%
5232 100%
7139 100%
7580 100%
2007 100%
2678 100%
7794 100%
5993 100%
8867 100%
1232 100%
9075 100%
4652 100%
4108 100%
8970 100%
3981 100%
1297 100%
6012 100%
1607 100%
6501 100%
3072 100%
7869 100%
2473 100%
6384 100%
1721 100%
3674 100%
4043 100%
4796 100%
2290 100%
8693 100%
8121 100%
6581 100%
8602 100%
652 100%
6620 100%
901 100%
4722 100%
5556 100%
5589 100%
1266 100%
473 100%
4587 100%
7505 100%
4502 100%
7380 100%
5273 100%
1800 100%
4699 100%
5760 100%
7132 100%
5541 100%
2009 100%
4937 100%
4178 100%
9339 100%
7196 100%
2853 100%
2828 100%
8604 100%
2924 100%
238 100%
7773 100%
2145 100%
8608 100%
3661 100%
5187 100%
1463 100%
8655 100%
4667 100%
6518 100%
4591 100%
787 100%
1028 100%
7522 100%
5112 100%
4200 100%
7205 100%
3372 100%
4581 100%
8646 100%
5188 100%
8647 100%
6911 100%
4378 100%
2834 100%
4917 100%
4428 100%
3256 100%
2097 100%
548 100%
3538 100%
978 100%
5466 100%
2683 100%
6524 100%
14 100%
2186 100%
7296 100%
3698 100%
4242 100%
6843 100%
3575 100%
1743 100%
1134 100%
4858 100%
8485 100%
2408 100%
9397 100%
5320 100%
819 100%
7905 100%
5061 100%
4009 100%
59 100%
1398 100%
886 100%
6888 100%
6981 100%
4843 100%
3205 100%
602 100%
1834 100%
7283 100%
8948 100%
5008 100%
9096 100%
6153 100%
4439 100%
1148 100%
4078 100%
4463 100%
97 100%
3096 100%
1303 100%
3519 100%
3822 100%
5128 100%
6354 100%
7413 100%
1947 100%
5307 100%
7314 100%
2417 100%
3122 100%
635 100%
8173 100%
1877 100%
8494 100%
5857 100%
5967 100%
5186 100%
9418 100%
4534 100%
9025 100%
7976 100%
2785 100%
2254 100%
2805 100%
4007 100%
8251 100%
9248 100%
3551 100%
3997 100%
3448 100%
5328 100%
4115 100%
6066 100%
937 100%
3121 100%
4977 100%
9142 100%
4223 100%
7026 100%
2013 100%
7414 100%
470 100%
1174 100%
792 100%
2555 100%
2462 100%
9336 100%
1914 100%
6854 100%
8338 100%
6751 100%
2343 100%
8029 100%
7946 100%
7879 100%
6231 100%
6871 100%
7886 100%
1293 100%
6712 100%
9433 100%
4920 100%
1953 100%
1289 100%
8134 100%
1740 100%
5265 100%
2912 100%
4477 100%
1518 100%
2772 100%
241 100%
9258 100%
3144 100%
7965 100%
1792 100%
6214 100%
154 100%
1204 100%
3773 100%
8547 100%
2638 100%
730 100%
5539 100%
2936 100%
6019 100%
8420 100%
4794 100%
2213 100%
3834 100%
5848 100%
4201 100%
7134 100%
4592 100%
2479 100%
8419 100%
3568 100%
1981 100%
5017 100%
3613 100%
3261 100%
7267 100%
8093 100%
6318 100%
688 100%
5554 100%
4544 100%
3654 100%
8870 100%
6780 100%
7715 100%
8985 100%
1185 100%
2984 100%
8905 100%
234 100%
4989 100%
4291 100%
2596 100%
8047 100%
7077 100%
4444 100%
568 100%
8449 100%
2716 100%
3481 100%
9456 100%
3693 100%
6726 100%
5938 100%
5959 100%
2317 100%
4537 100%
5558 100%
8530 100%
4203 100%
3702 100%
8544 100%
5514 100%
1014 100%
5442 100%
938 100%
2366 100%
4868 100%
3440 100%
2955 100%
9421 100%
2799 100%
8133 100%
6453 100%
6955 100%
3345 100%
5671 100%
913 100%
2559 100%
8624 100%
1109 100%
1230 100%
7524 100%
7733 100%
89 100%
4681 100%
4634 100%
8858 100%
8871 100%
6813 100%
7995 100%
5173 100%
8174 100%
443 100%
6995 100%
1141 100%
701 100%
1412 100%
8435 100%
2244 100%
3559 100%
7229 100%
6602 100%
1632 100%
3040 100%
9469 100%
5295 100%
751 100%
1739 100%
6311 100%
8280 100%
5396 100%
1417 100%
5777 100%
8264 100%
7215 100%
4694 100%
8487 100%
8220 100%
3752 100%
5576 100%
7315 100%
5152 100%
3619 100%
618 100%
1140 100%
3847 100%
853 100%
842 100%
8225 100%
1373 100%
5121 100%
8243 100%
3990 100%
415 100%
64 100%
7167 100%
1669 100%
7764 100%
5299 100%
9459 100%
3505 100%
2966 100%
2450 100%
5165 100%
5007 100%
552 100%
6263 100%
2644 100%
3236 100%
244 100%
8206 100%
2521 100%
4015 100%
9284 100%
1611 100%
7780 100%
2769 100%
3347 100%
3704 100%
5139 100%
7162 100%
3530 100%
7282 100%
7301 100%
2886 100%
7636 100%
287 100%
950 100%
2691 100%
5871 100%
40 100%
6973 100%
545 100%
350 100%
7621 100%
6116 100%
8350 100%
5340 100%
6098 100%
5348 100%
6336 100%
8434 100%
1001 100%
5935 100%
168 100%
611 100%
1067 100%
3054 100%
1719 100%
2636 100%
2710 100%
8630 100%
5030 100%
5963 100%
9523 100%
3310 100%
5713 100%
6733 100%
2793 100%
3462 100%
671 100%
7622 100%
4992 100%
128 100%
4421 100%
6905 100%
6769 100%
5789 100%
6411 100%
438 100%
6597 100%
6950 100%
5533 100%
6361 100%
5470 100%
9448 100%
1003 100%
6476 100%
4176 100%
8452 100%
2913 100%
2463 100%
8216 100%
87 100%
6404 100%
4040 100%
7853 100%
6176 100%
7220 100%
7639 100%
8090 100%
4202 100%
3672 100%
3869 100%
7234 100%
7042 100%
5358 100%
8462 100%
956 100%
7383 100%
768 100%
6060 100%
758 100%
8745 100%
5818 100%
6673 100%
4332 100%
8829 100%
5604 100%
6173 100%
8069 100%
6534 100%
5910 100%
2550 100%
3103 100%
3779 100%
1454 100%
1559 100%
6 100%
4650 100%
7530 100%
2591 100%
9477 100%
5127 100%
2563 100%
9360 100%
8321 100%
5376 100%
6992 100%
4398 100%
8770 100%
3736 100%
858 100%
4748 100%
5285 100%
2844 100%
8106 100%
6677 100%
5108 100%
3871 100%
1024 100%
8709 100%
6187 100%
8408 100%
2288 100%
3127 100%
2965 100%
1780 100%
3010 100%
7666 100%
3358 100%
8454 100%
1585 100%
2043 100%
8081 100%
6058 100%
288 100%
9405 100%
1016 100%
5750 100%
1734 100%
9305 100%
3176 100%
3164 100%
8721 100%
7722 100%
386 100%
6505 100%
8110 100%
5382 100%
4229 100%
5812 100%
3341 100%
8605 100%
6406 100%
7614 100%
6327 100%
8705 100%
421 100%
7826 100%
7683 100%
362 100%
3932 100%
2004 100%
7493 100%
2571 100%
7496 100%
4910 100%
1487 100%
5896 100%
351 100%
1567 100%
2503 100%
7203 100%
7629 100%
2972 100%
6247 100%
3338 100%
363 100%
8149 100%
3653 100%
7793 100%
6495 100%
7732 100%
3116 100%
5048 100%
9256 100%
9344 100%
797 100%
4415 100%
4915 100%
7771 100%
1579 100%
4077 100%
2827 100%
5699 100%
7634 100%
2991 100%
7362 100%
5882 100%
4842 100%
6174 100%
6091 100%
7577 100%
1899 100%
134 100%
5619 100%
779 100%
8666 100%
1208 100%
7392 100%
7338 100%
8326 100%
7900 100%
1057 100%
3188 100%
6396 100%
7714 100%
7067 100%
9536 100%
5686 100%
3956 100%
1436 100%
1129 100%
1262 100%
5072 100%
3089 100%
7595 100%
2106 100%
9352 100%
9222 100%
4408 100%
4793 100%
1888 100%
7198 100%
2441 100%
966 100%
1770 100%
1576 100%
1282 100%
6371 100%
7277 100%
4909 100%
7871 100%
2771 100%
8146 100%
3048 100%
9201 100%
1823 100%
2546 100%
6388 100%
6584 100%
6765 100%
8804 100%
9261 100%
675 100%
3425 100%
4599 100%
5040 100%
4892 100%
5302 100%
2273 100%
3781 100%
3664 100%
7401 100%
6182 100%
4665 100%
854 100%
3344 100%
764 100%
7466 100%
88 100%
3128 100%
4308 100%
56 100%
8697 100%
3598 100%
8615 100%
4073 100%
1578 100%
1283 100%
8708 100%
8504 100%
6656 100%
931 100%
47 100%
6105 100%
7820 100%
1252 100%
8460 100%
3360 100%
3241 100%
3917 100%
8814 100%
968 100%
592 100%
4723 100%
8824 100%
4082 100%
2618 100%
4878 100%
469 100%
3428 100%
5110 100%
5819 100%
4300 100%
1275 100%
1657 100%
2652 100%
2804 100%
9093 100%
3888 100%
9570 100%
5477 100%
5365 100%
1100 100%
502 100%
2502 100%
478 100%
5700 100%
8113 100%
6598 100%
7386 100%
4511 100%
5944 100%
5049 100%
5962 100%
262 100%
6633 100%
2640 100%
8715 100%
7899 100%
7776 100%
3353 100%
5281 100%
1568 100%
7391 100%
763 100%
8010 100%
4351 100%
6988 100%
7020 100%
6563 100%
1206 100%
4169 100%
8751 100%
642 100%
7828 100%
1639 100%
7727 100%
3892 100%
1000 100%
2561 100%
3620 100%
254 100%
3929 100%
6599 100%
5680 100%
3246 100%
8680 100%
4196 100%
9564 100%
3544 100%
7429 100%
6418 100%
4499 100%
8185 100%
8054 100%
6467 100%
3852 100%
749 100%
1704 100%
5786 100%
6614 100%
4512 100%
6681 100%
3281 100%
9133 100%
7656 100%
3006 100%
7807 100%
5269 100%
1670 100%
5840 100%
7159 100%
1798 100%
141 100%
6659 100%
1273 100%
5749 100%
5185 100%
3606 100%
7687 100%
6953 100%
3071 100%
3994 100%
498 100%
1609 100%
9067 100%
7647 100%
2838 100%
1942 100%
9174 100%
7164 100%
3287 100%
9364 100%
6422 100%
1205 100%
4159 100%
5703 100%
2464 100%
8520 100%
8514 100%
5736 100%
2923 100%
7402 100%
4424 100%
4419 100%
3368 100%
5312 100%
8568 100%
4808 100%
9504 100%
409 100%
6634 100%
5355 100%
3609 100%
2899 100%
2590 100%
9372 100%
6217 100%
3284 100%
2630 100%
6202 100%
7269 100%
6873 100%
5505 100%
4983 100%
4715 100%
3930 100%
1415 100%
7934 100%
2796 100%
8896 100%
2808 100%
174 100%
8983 100%
2295 100%
6852 100%
5602 100%
9406 100%
2974 100%
5323 100%
5311 100%
8695 100%
3602 100%
1652 100%
3308 100%
4546 100%
2986 100%
668 100%
3692 100%
7944 100%
2116 100%
5028 100%
8086 100%
5685 100%
6239 100%
4338 100%
33 100%
3638 100%
1554 100%
8252 100%
2311 100%
3485 100%
1828 100%
2548 100%
119 100%
2123 100%
1131 100%
9252 100%
4963 100%
7680 100%
279 100%
8731 100%
1269 100%
5636 100%
7699 100%
1795 100%
6826 100%
4303 100%
5979 100%
6934 100%
4134 100%
6144 100%
7075 100%
2045 100%
5563 100%
6823 100%
7568 100%
3600 100%
352 100%
7837 100%
3592 100%
2989 100%
3608 100%
4840 100%
3248 100%
4717 100%
8277 100%
5421 100%
6623 100%
240 100%
803 100%
6381 100%
5968 100%
3957 100%
8820 100%
2068 100%
5013 100%
7174 100%
7992 100%
8375 100%
990 100%
114 100%
9125 100%
877 100%
7861 100%
1778 100%
3452 100%
7847 100%
4636 100%
9293 100%
6917 100%
2039 100%
2400 100%
8477 100%
2765 100%
1435 100%
9122 100%
9250 100%
4743 100%
2241 100%
4088 100%
3870 100%
4781 100%
918 100%
255 100%
1342 100%
3525 100%
5891 100%
9038 100%
8597 100%
330 100%
6437 100%
4345 100%
6596 100%
7517 100%
4598 100%
3275 100%
7735 100%
3350 100%
3753 100%
1688 100%
9232 100%
3435 100%
3214 100%
3636 100%
6851 100%
5039 100%
8813 100%
1574 100%
6986 100%
1840 100%
1749 100%
6637 100%
5518 100%
353 100%
7221 100%
7787 100%
3649 100%
3185 100%
6658 100%
4441 100%
6517 100%
9065 100%
1843 100%
4019 100%
224 100%
4054 100%
4423 100%
4397 100%
2677 100%
5927 100%
8822 100%
2864 100%
2947 100%
3729 100%
3312 100%
5120 100%
2517 100%
5727 100%
2592 100%
7328 100%
5170 100%
2480 100%
5082 100%
9156 100%
3295 100%
3469 100%
1459 100%
9227 100%
4357 100%
3860 100%
8297 100%
6744 100%
5725 100%
4855 100%
1027 100%
6764 100%
9199 100%
4360 100%
8811 100%
6455 100%
4227 100%
347 100%
3912 100%
1677 100%
7903 100%
8994 100%
7551 100%
2433 100%
1936 100%
2993 100%
3901 100%
6926 100%
7017 100%
5593 100%
2103 100%
7312 100%
6761 100%
8736 100%
8786 100%
9273 100%
2627 100%
7125 100%
3886 100%
3070 100%
8189 100%
8411 100%
2837 100%
2696 100%
9228 100%
1686 100%
7955 100%
8177 100%
7856 100%
7439 100%
4033 100%
6140 100%
2895 100%
4552 100%
6184 100%
8720 100%
305 100%
116 100%
5787 100%
5435 100%
3827 100%
2768 100%
3012 100%
2662 100%
9271 100%
2607 100%
6393 100%
5087 100%
2481 100%
7478 100%
762 100%
3706 100%
3266 100%
604 100%
3354 100%
6074 100%
6216 100%
5549 100%
9033 100%
3162 100%
8400 100%
4677 100%
3656 100%
6848 100%
6191 100%
9269 100%
2675 100%
3272 100%
1168 100%
2921 100%
4127 100%
1457 100%
1547 100%
1490 100%
8727 100%
695 100%
8491 100%
7845 100%
5741 100%
8866 100%
5783 100%
4092 100%
4206 100%
8923 100%
2199 100%
2916 100%
7317 100%
3328 100%
7797 100%
3361 100%
7842 100%
8457 100%
8116 100%
5752 100%
6896 100%
2606 100%
5623 100%
5113 100%
5869 100%
4676 100%
3825 100%
8012 100%
5272 100%
3484 100%
7128 100%
7217 100%
3603 100%
6434 100%
672 100%
5620 100%
6030 100%
3679 100%
8747 100%
6471 100%
7337 100%
682 100%
2809 100%
7695 100%
8930 100%
1153 100%
2243 100%
6844 100%
7542 100%
7785 100%
2733 100%
6724 100%
2609 100%
4549 100%
3979 100%
3610 100%
8812 100%
1564 100%
1391 100%
3392 100%
9498 100%
7172 100%
2394 100%
5456 100%
6752 100%
2300 100%
4692 100%
4120 100%
3876 100%
1982 100%
6571 100%
3599 100%
7308 100%
7877 100%
3708 100%
3850 100%
3512 100%
9171 100%
7239 100%
9417 100%
906 100%
3915 100%
663 100%
9069 100%
8137 100%
2963 100%
6071 100%
5754 100%
1569 100%
1593 100%
1123 100%
5748 100%
5579 100%
6204 100%
621 100%
8917 100%
7978 100%
9202 100%
8664 100%
4672 100%
2165 100%
8217 100%
2629 100%
8613 100%
7180 100%
3925 100%
1917 100%
2339 100%
5002 100%
7932 100%
2755 100%
1169 100%
6260 100%
3800 100%
4284 100%
5991 100%
8561 100%
1390 100%
1133 100%
357 100%
2812 100%
243 100%
2349 100%
8444 100%
1472 100%
5723 100%
2235 100%
2095 100%
4316 100%
3819 100%
2759 100%
9097 100%
3509 100%
2728 100%
6561 100%
5100 100%
5326 100%
8657 100%
795 100%
8600 100%
6740 100%
3750 100%
3718 100%
1978 100%
6619 100%
3725 100%
5947 100%
1725 100%
6861 100%
869 100%
5482 100%
4876 100%
4774 100%
661 100%
8910 100%
7335 100%
9549 100%
4464 100%
1903 100%
4651 100%
8744 100%
8016 100%
4749 100%
3026 100%
2641 100%
5572 100%
4707 100%
6267 100%
8986 100%
4729 100%
406 100%
8828 100%
2536 100%
6269 100%
5719 100%
8682 100%
4025 100%
5284 100%
2595 100%
4374 100%
3335 100%
5447 100%
6939 100%
6085 100%
5204 100%
3919 100%
3057 100%
5261 100%
6287 100%
6521 100%
8543 100%
7558 100%
2224 100%
7924 100%
7486 100%
8629 100%
6574 100%
1466 100%
4465 100%
1640 100%
1277 100%
2370 100%
2037 100%
5064 100%
2242 100%
7757 100%
4089 100%
1891 100%
3365 100%
8098 100%
3124 100%
4152 100%
6376 100%
865 100%
31 100%
4866 100%
1728 100%
3197 100%
1999 100%
8863 100%
1522 100%
2451 100%
5251 100%
2169 100%
9333 100%
8019 100%
7604 100%
7741 100%
2569 100%
9362 100%
72 100%
6578 100%
7617 100%
1258 100%
2132 100%
4568 100%
8438 100%
4220 100%
5640 100%
2488 100%
5524 100%
8518 100%
3195 100%
4449 100%
3895 100%
9394 100%
2457 100%
1876 100%
7731 100%
5439 100%
7971 100%
2706 100%
223 100%
7048 100%
3749 100%
2741 100%
7554 100%
6913 100%
3146 100%
6334 100%
4052 100%
5179 100%
225 100%
8756 100%
665 100%
3487 100%
1783 100%
1839 100%
4946 100%
2227 100%
807 100%
8332 100%
6665 100%
4233 100%
2867 100%
1695 100%
9151 100%
7953 100%
7914 100%
2416 100%
1511 100%
1059 100%
4870 100%
6996 100%
4336 100%
1233 100%
6525 100%
3434 100%
1069 100%
7100 100%
3165 100%
8325 100%
6567 100%
393 100%
5181 100%
7863 100%
2938 100%
490 100%
1897 100%
9445 100%
1847 100%
221 100%
7334 100%
9346 100%
7450 100%
1558 100%
1044 100%
34 100%
36 100%
7708 100%
5668 100%
5803 100%
1860 100%
5624 100%
5941 100%
8741 100%
8331 100%
1595 100%
6407 100%
6015 100%
9533 100%
4548 100%
4569 100%
2038 100%
4481 100%
2429 100%
4272 100%
4809 100%
8343 100%
825 100%
1328 100%
3323 100%
7281 100%
6569 100%
68 100%
7761 100%
7951 100%
3882 100%
8713 100%
4514 100%
7677 100%
9154 100%
5274 100%
3388 100%
5255 100%
4976 100%
9077 100%
106 100%
5329 100%
3813 100%
9449 100%
9322 100%
1113 100%
4404 100%
2355 100%
6566 100%
4518 100%
6115 100%
9568 100%
6399 100%
2482 100%
6089 100%
8059 100%
8577 100%
6883 100%
8890 100%
4738 100%
57 100%
1120 100%
5838 100%
911 100%
2894 100%
7830 100%
8376 100%
5415 100%
5977 100%
3359 100%
5566 100%
645 100%
1399 100%
7966 100%
5467 100%
5036 100%
6253 100%
8302 100%
7097 100%
2996 100%
923 100%
8300 100%
5740 100%
8938 100%
4706 100%
8984 100%
9324 100%
2012 100%
6092 100%
5169 100%
227 100%
7710 100%
7941 100%
9539 100%
2140 100%
3245 100%
3529 100%
1553 100%
3499 100%
6866 100%
3273 100%
52 100%
5211 100%
7651 100%
5502 100%
9374 100%
9092 100%
2133 100%
8668 100%
6880 100%
2871 100%
2645 100%
8213 100%
2337 100%
3378 100%
6660 100%
7959 100%
4828 100%
7259 100%
3084 100%
4627 100%
3995 100%
76 100%
4191 100%
1621 100%
6612 100%
3104 100%
3667 100%
2117 100%
2697 100%
6860 100%
8780 100%
5319 100%
2465 100%
4688 100%
4466 100%
702 100%
6093 100%
3202 100%
3332 100%
8654 100%
1816 100%
2760 100%
4795 100%
8268 100%
5380 100%
887 100%
9444 100%
8972 100%
515 100%
6805 100%
1680 100%
5242 100%
2842 100%
955 100%
2572 100%
5465 100%
3044 100%
1624 100%
150 100%
3215 100%
835 100%
3945 100%
138 100%
1615 100%
60 100%
788 100%
3259 100%
7598 100%
8774 100%
1871 100%
6994 100%
4362 100%
5886 100%
7098 100%
2671 100%
7564 100%
735 100%
75 100%
6695 100%
9518 100%
7144 100%
6849 100%
3721 100%
6472 100%
9328 100%
7610 100%
8501 100%
6528 100%
2807 100%
2648 100%
5622 100%
7769 100%
9439 100%
7609 100%
6884 100%
6417 100%
556 100%
1428 100%
9231 100%
2016 100%
6929 100%
1804 100%
7255 100%
2396 100%
3019 100%
6680 100%
6219 100%
2604 100%
1105 100%
4582 100%
9221 100%
23 100%
4891 100%
3627 100%
458 100%
1461 100%
2090 100%
4553 100%
8670 100%
3685 100%
2603 100%
1989 100%
5029 100%
2344 100%
8309 100%
8312 100%
7000 100%
4872 100%
5909 100%
9407 100%
7193 100%
3615 100%
2679 100%
8919 100%
3418 100%
1572 100%
6160 100%
2390 100%
7819 100%
598 100%
1610 100%
6279 100%
3331 100%
8051 100%
5606 100%
4348 100%
2852 100%
9209 100%
452 100%
4970 100%
5226 100%
4234 100%
4252 100%
2954 100%
1842 100%
4562 100%
5145 100%
8437 100%
7109 100%
7006 100%
1808 100%
7342 100%
5824 100%
5551 100%
371 100%
823 100%
5746 100%
5022 100%
4847 100%
2307 100%
2466 100%
9569 100%
8652 100%
7070 100%
3467 100%
8835 100%
5168 100%
9266 100%
2783 100%
4448 100%
7268 100%
1835 100%
6298 100%
6040 100%
7889 100%
5353 100%
2914 100%
1157 100%
7576 100%
7341 100%
4142 100%
9236 100%
7803 100%
5916 100%
2296 100%
2192 100%
7624 100%
8872 100%
648 100%
5697 100%
3301 100%
2705 100%
7031 100%
4053 100%
8416 100%
4162 100%
455 100%
8164 100%
1549 100%
8430 100%
4259 100%
974 100%
5500 100%
3874 100%
6261 100%
8944 100%
3076 100%
6923 100%
327 100%
6654 100%
4701 100%
1723 100%
7808 100%
5581 100%
8940 100%
564 100%
590 100%
9496 100%
4679 100%
1360 100%
2113 100%
7240 100%
3741 100%
2332 100%
4755 100%
7798 100%
1955 100%
9516 100%
8643 100%
8308 100%
7501 100%
6904 100%
1537 100%
979 100%
9230 100%
2173 100%
6590 100%
1698 100%
4155 100%
746 100%
8253 100%
948 100%
6242 100%
8536 100%
7133 100%
7875 100%
3909 100%
4100 100%
6918 100%
7146 100%
6056 100%
5759 100%
5205 100%
6555 100%
2303 100%
5254 100%
4161 100%
1751 100%
2676 100%
6877 100%
4257 100%
6101 100%
9071 100%
9491 100%
4911 100%
1392 100%
9467 100%
4180 100%
7350 100%
313 100%
7297 100%
380 100%
3101 100%
2069 100%
2333 100%
709 100%
9010 100%
8915 100%
7570 100%
1406 100%
3719 100%
1066 100%
162 100%
9009 100%
9014 100%
7227 100%
3948 100%
4114 100%
614 100%
2276 100%
1476 100%
5898 100%
73 100%
4869 100%
4812 100%
651 100%
190 100%
373 100%
307 100%
4248 100%
86 100%
4785 100%
4962 100%
3482 100%
5392 100%
503 100%
1492 100%
411 100%
8725 100%
8299 100%
5575 100%
5800 100%
5887 100%
6775 100%
4831 100%
3129 100%
9260 100%
7419 100%
6130 100%
7720 100%
8942 100%
2074 100%
158 100%
8263 100%
1011 100%
716 100%
540 100%
7223 100%
9007 100%
3614 100%
6108 100%
3013 100%
4725 100%
3159 100%
7811 100%
6227 100%
7425 100%
7874 100%
9101 100%
4844 100%
1355 100%
537 100%
1378 100%
7082 100%
5507 100%
943 100%
4384 100%
952 100%
8351 100%
188 100%
7230 100%
405 100%
8903 100%
6402 100%
139 100%
8889 100%
9347 100%
9110 100%
9039 100%
186 100%
8503 100%
2740 100%
5569 100%
5726 100%
3117 100%
8538 100%
8875 100%
4312 100%
5126 100%
1681 100%
7066 100%
6088 100%
2576 100%
361 100%
9403 100%
1940 100%
152 100%
4059 100%
461 100%
1516 100%
2364 100%
2129 100%
441 100%
6372 100%
2082 100%
3535 100%
8571 100%
7118 100%
4416 100%
4805 100%
5670 100%
3240 100%
7628 100%
8618 100%
4247 100%
8260 100%
5526 100%
3077 100%
3537 100%
6338 100%
8023 100%
4834 100%
9002 100%
2279 100%
976 100%
9183 100%
2387 100%
719 100%
4559 100%
1889 100%
4801 100%
5076 100%
1646 100%
1257 100%
9132 100%
9082 100%
5123 100%
3506 100%
6213 100%
3586 100%
5390 100%
958 100%
7313 100%
9147 100%
4947 100%
2690 100%
1443 100%
1132 100%
4664 100%
8869 100%
7518 100%
143 100%
8246 100%
2156 100%
8311 100%
2814 100%
4567 100%
3830 100%
4459 100%
8076 100%
732 100%
74 100%
2962 100%
9435 100%
8153 100%
6119 100%
8850 100%
7482 100%
4952 100%
3618 100%
5037 100%
2664 100%
222 100%
5708 100%
2787 100%
2898 100%
7022 100%
5434 100%
250 100%
8659 100%
8333 100%
2112 100%
6648 100%
9389 100%
8859 100%
7322 100%
4887 100%
2372 100%
419 100%
2268 100%
9108 100%
1142 100%
2918 100%
7209 100%
3343 100%
1033 100%
7668 100%
8710 100%
7307 100%
3274 100%
726 100%
7013 100%
5649 100%
7387 100%
1604 100%
8105 100%
3309 100%
6021 100%
1963 100%
9369 100%
6624 100%
698 100%
2281 100%
7512 100%
7926 100%
6082 100%
5795 100%
5395 100%
5692 100%
3206 100%
4301 100%
2908 100%
1173 100%
8524 100%
2625 100%
3754 100%
1427 100%
4406 100%
8315 100%
5019 100%
5258 100%
4211 100%
6362 100%
6701 100%
6825 100%
2862 100%
6773 100%
8479 100%
215 100%
3574 100%
5651 100%
4642 100%
5757 100%
7586 100%
7925 100%
7343 100%
1119 100%
1213 100%
4821 100%
5042 100%
2406 100%
2922 100%
4409 100%
6156 100%
303 100%
2233 100%
3087 100%
5830 100%
6189 100%
8274 100%
4116 100%
4376 100%
7034 100%
945 100%
295 100%
1801 100%
170 100%
1691 100%
9368 100%
3148 100%
3397 100%
6867 100%
6887 100%
1618 100%
4862 100%
2699 100%
1292 100%
2580 100%
4337 100%
3501 100%
9355 100%
1121 100%
2826 100%
5982 100%
7970 100%
1509 100%
9061 100%
5166 100%
5985 100%
7719 100%
4051 100%
2556 100%
6349 100%
391 100%
7587 100%
1701 100%
9503 100%
876 100%
1971 100%
8035 100%
4269 100%
3170 100%
2032 100%
605 100%
7005 100%
4835 100%
2833 100%
8330 100%
30 100%
7284 100%
6841 100%
4302 100%
459 100%
6485 100%
615 100%
586 100%
4584 100%
1253 100%
4492 100%
6185 100%
8223 100%
3976 100%
1366 100%
4509 100%
1966 100%
4625 100%
3458 100%
4825 100%
8380 100%
6133 100%
7444 100%
1580 100%
2848 100%
6674 100%
9509 100%
7108 100%
8935 100%
7158 100%
1831 100%
1103 100%
2147 100%
9288 100%
4307 100%
684 100%
1015 100%
6483 100%
5769 100%
5923 100%
8619 100%
7304 100%
346 100%
2577 100%
5277 100%
3140 100%
773 100%
464 100%
4523 100%
8328 100%
5025 100%
8044 100%
4413 100%
7186 100%
2968 100%
1925 100%
2554 100%
4620 100%
3123 100%
2015 100%
7176 100%
3177 100%
8517 100%
5378 100%
2028 100%
1488 100%
6644 100%
7881 100%
8013 100%
3386 100%
5231 100%
2713 100%
5591 100%
4775 100%
824 100%
1678 100%
366 100%
1332 100%
4602 100%
8386 100%
8190 100%
4086 100%
7 100%
1552 100%
3242 100%
91 100%
7685 100%
2412 100%
4873 100%
3536 100%
1471 100%
7729 100%
8084 100%
2731 100%
2470 100%
7207 100%
1305 100%
7836 100%
4772 100%
495 100%
3081 100%
1793 100%
4883 100%
6303 100%
1813 100%
2190 100%
4255 100%
7117 100%
418 100%
4013 100%
4392 100%
6833 100%
1017 100%
2108 100%
3770 100%
1715 100%
105 100%
1919 100%
5364 54.530022%
7653852.50