Solutia numarul 1:
-1 -1 0 -1 -1 0 -1 
-1 1 2 0 0 0 -1 
-1 -1 3 -1 0 0 -1 
-1 -1 4 5 0 0 -1 
-1 -1 -1 6 7 -1 -1 
-1 0 0 0 8 -1 -1 
-1 0 -1 -1 9 10 -1 
-1 0 0 0 0 0 -1 

Solutia numarul 2:
-1 -1 0 -1 -1 0 -1 
-1 1 2 0 0 0 -1 
-1 -1 3 -1 0 0 -1 
-1 -1 4 5 0 0 -1 
-1 -1 -1 6 7 -1 -1 
-1 0 0 0 8 -1 -1 
-1 0 -1 -1 9 12 -1 
-1 0 0 0 10 11 -1 

Solutia numarul 3:
-1 -1 0 -1 -1 0 -1 
-1 1 2 0 0 0 -1 
-1 -1 3 -1 0 0 -1 
-1 -1 4 5 0 0 -1 
-1 -1 -1 6 7 -1 -1 
-1 11 10 9 8 -1 -1 
-1 12 -1 -1 17 18 -1 
-1 13 14 15 16 0 -1 

Solutia numarul 4:
-1 -1 0 -1 -1 0 -1 
-1 1 2 0 0 0 -1 
-1 -1 3 -1 0 0 -1 
-1 -1 4 5 0 0 -1 
-1 -1 -1 6 7 -1 -1 
-1 11 10 9 8 -1 -1 
-1 12 -1 -1 0 18 -1 
-1 13 14 15 16 17 -1 

Solutia numarul 5:
-1 -1 0 -1 -1 0 -1 
-1 1 2 0 0 0 -1 
-1 -1 3 -1 0 0 -1 
-1 -1 4 5 0 0 -1 
-1 -1 -1 6 0 -1 -1 
-1 0 0 7 8 -1 -1 
-1 0 -1 -1 9 10 -1 
-1 0 0 0 0 0 -1 

Solutia numarul 6:
-1 -1 0 -1 -1 0 -1 
-1 1 2 0 0 0 -1 
-1 -1 3 -1 0 0 -1 
-1 -1 4 5 0 0 -1 
-1 -1 -1 6 0 -1 -1 
-1 0 0 7 8 -1 -1 
-1 0 -1 -1 9 12 -1 
-1 0 0 0 10 11 -1 

Solutia numarul 7:
-1 -1 0 -1 -1 0 -1 
-1 1 2 0 0 0 -1 
-1 -1 3 -1 0 0 -1 
-1 -1 4 5 0 0 -1 
-1 -1 -1 6 0 -1 -1 
-1 9 8 7 0 -1 -1 
-1 10 -1 -1 15 16 -1 
-1 11 12 13 14 0 -1 

Solutia numarul 8:
-1 -1 0 -1 -1 0 -1 
-1 1 2 0 0 0 -1 
-1 -1 3 -1 0 0 -1 
-1 -1 4 5 0 0 -1 
-1 -1 -1 6 0 -1 -1 
-1 9 8 7 0 -1 -1 
-1 10 -1 -1 0 16 -1 
-1 11 12 13 14 15 -1 

